<?xml version="1.0" encoding="UTF-8" ?>
<testsuite failures="0" time="0.121" errors="0" skipped="0" tests="10" name="org.opencloudb.route.ServerRouteTest">
  <properties>
[...]
</properties>
  <testcase time="0.077" classname="org.opencloudb.route.ServerRouteTest" name="testRouteInsertShort"/>
  <testcase time="0.005" classname="org.opencloudb.route.ServerRouteTest" name="testGlobalTableRoute"/>
  <testcase time="0.002" classname="org.opencloudb.route.ServerRouteTest" name="testRouteMultiTables"/>
  <testcase time="0.007" classname="org.opencloudb.route.ServerRouteTest" name="testRoute"/>
  <testcase time="0.01" classname="org.opencloudb.route.ServerRouteTest" name="testDuplicatePartitionKey"/>
  <testcase time="0.009" classname="org.opencloudb.route.ServerRouteTest" name="testGroupLimit"/>
  <testcase time="0.001" classname="org.opencloudb.route.ServerRouteTest" name="testTableMetaRead"/>
  <testcase time="0.002" classname="org.opencloudb.route.ServerRouteTest" name="testConfigSchema"/>
  <testcase time="0.004" classname="org.opencloudb.route.ServerRouteTest" name="testIgnoreSchema"/>
  <testcase time="0" classname="org.opencloudb.route.ServerRouteTest" name="testNonPartitionSQL"/>
</testsuite>